2018/01/19 11:53:31.091 [I] [asm_amd64.s:2337] http server Running on http://:8080
2018/01/19 11:53:45.145 [I] [default.go:26] 【拍卖管理-定时更新自留竞拍记录】当前页: 1,可能需要批量自留的任务列表长度: 7 
2018/01/19 11:53:45.145 [I] [default.go:33] 【拍卖管理-定时更新自留竞拍记录】开始处理任务ID: 308 
2018/01/19 11:53:45.145 [I] [default.go:42] 【拍卖管理-定时更新自留竞拍记录】任务ID: 308 已经过期 
2018/01/19 11:53:45.145 [I] [default.go:48] 【拍卖管理-定时更新自留竞拍记录】任务ID : 308 已经成功有人中标，返回 
2018/01/19 11:53:45.145 [I] [default.go:33] 【拍卖管理-定时更新自留竞拍记录】开始处理任务ID: 364 
2018/01/19 11:53:45.145 [I] [default.go:42] 【拍卖管理-定时更新自留竞拍记录】任务ID: 364 已经过期 
2018/01/19 11:53:45.145 [I] [default.go:48] 【拍卖管理-定时更新自留竞拍记录】任务ID : 364 已经成功有人中标，返回 
2018/01/19 11:53:45.145 [I] [default.go:33] 【拍卖管理-定时更新自留竞拍记录】开始处理任务ID: 410 
2018/01/19 11:53:45.145 [I] [default.go:42] 【拍卖管理-定时更新自留竞拍记录】任务ID: 410 已经过期 
2018/01/19 11:53:45.145 [I] [default.go:48] 【拍卖管理-定时更新自留竞拍记录】任务ID : 410 已经成功有人中标，返回 
2018/01/19 11:53:45.145 [I] [default.go:33] 【拍卖管理-定时更新自留竞拍记录】开始处理任务ID: 419 
2018/01/19 11:53:45.145 [I] [default.go:66] 【拍卖管理-定时更新自留竞拍记录】任务ID: 419 未过期 
2018/01/19 11:53:45.145 [I] [default.go:76] 【拍卖管理-定时更新自留竞拍记录】任务ID: 419 存在竞拍记录，最后一次竞拍人为自拍人:15160 ，继续等待 
2018/01/19 11:53:45.145 [I] [default.go:33] 【拍卖管理-定时更新自留竞拍记录】开始处理任务ID: 425 
2018/01/19 11:53:45.145 [I] [default.go:42] 【拍卖管理-定时更新自留竞拍记录】任务ID: 425 已经过期 
2018/01/19 11:53:45.145 [I] [default.go:48] 【拍卖管理-定时更新自留竞拍记录】任务ID : 425 已经成功有人中标，返回 
2018/01/19 11:53:45.145 [I] [default.go:33] 【拍卖管理-定时更新自留竞拍记录】开始处理任务ID: 426 
2018/01/19 11:53:45.145 [I] [default.go:42] 【拍卖管理-定时更新自留竞拍记录】任务ID: 426 已经过期 
2018/01/19 11:53:45.145 [I] [default.go:48] 【拍卖管理-定时更新自留竞拍记录】任务ID : 426 已经成功有人中标，返回 
2018/01/19 11:53:45.145 [I] [default.go:33] 【拍卖管理-定时更新自留竞拍记录】开始处理任务ID: 436 
2018/01/19 11:53:45.146 [I] [default.go:42] 【拍卖管理-定时更新自留竞拍记录】任务ID: 436 已经过期 
2018/01/19 11:53:45.146 [I] [default.go:48] 【拍卖管理-定时更新自留竞拍记录】任务ID : 436 已经成功有人中标，返回 
2018/01/19 11:53:45.149 [I] [default.go:26] 【拍卖管理-定时更新自留竞拍记录】当前页: 2,可能需要批量自留的任务列表长度: 0 
2018/01/19 11:53:45.150 [D] [server.go:2619] ::1 - - [19/Jan/2018 11:53:45] "GET /user HTTP/1.1 200 0" 0.020119  Mozilla/5.0 (Macintosh; Intel Mac OS X 10_13_2) AppleWebKit/537.36 (KHTML, like Gecko) Chrome/63.0.3239.132 Safari/537.36

2018/01/19 12:46:52.834 [I] [asm_amd64.s:2337] http server Running on http://:8080
2018/01/19 12:47:37.268 [I] [default.go:26] 【拍卖管理-定时更新自留竞拍记录】当前页: 1,可能需要批量自留的任务列表长度: 7 
2018/01/19 12:47:52.190 [I] [default.go:33] 【拍卖管理-定时更新自留竞拍记录】开始处理任务ID: 308 
2018/01/19 12:48:02.572 [I] [default.go:42] 【拍卖管理-定时更新自留竞拍记录】任务ID: 308 已经过期 
2018/01/19 12:48:02.572 [I] [default.go:48] 【拍卖管理-定时更新自留竞拍记录】任务ID : 308 已经成功有人中标，返回 
2018/01/19 12:48:02.572 [I] [default.go:33] 【拍卖管理-定时更新自留竞拍记录】开始处理任务ID: 364 
2018/01/19 12:48:02.572 [I] [default.go:42] 【拍卖管理-定时更新自留竞拍记录】任务ID: 364 已经过期 
2018/01/19 12:48:02.572 [I] [default.go:48] 【拍卖管理-定时更新自留竞拍记录】任务ID : 364 已经成功有人中标，返回 
2018/01/19 12:48:02.572 [I] [default.go:33] 【拍卖管理-定时更新自留竞拍记录】开始处理任务ID: 410 
2018/01/19 12:48:02.572 [I] [default.go:42] 【拍卖管理-定时更新自留竞拍记录】任务ID: 410 已经过期 
2018/01/19 12:48:02.572 [I] [default.go:48] 【拍卖管理-定时更新自留竞拍记录】任务ID : 410 已经成功有人中标，返回 
2018/01/19 12:48:02.572 [I] [default.go:33] 【拍卖管理-定时更新自留竞拍记录】开始处理任务ID: 419 
2018/01/19 12:48:02.572 [I] [default.go:66] 【拍卖管理-定时更新自留竞拍记录】任务ID: 419 未过期 
2018/01/19 12:48:02.572 [I] [default.go:76] 【拍卖管理-定时更新自留竞拍记录】任务ID: 419 存在竞拍记录，最后一次竞拍人为自拍人:15160 ，继续等待 
2018/01/19 12:48:02.572 [I] [default.go:33] 【拍卖管理-定时更新自留竞拍记录】开始处理任务ID: 425 
2018/01/19 12:48:02.572 [I] [default.go:42] 【拍卖管理-定时更新自留竞拍记录】任务ID: 425 已经过期 
2018/01/19 12:48:02.572 [I] [default.go:48] 【拍卖管理-定时更新自留竞拍记录】任务ID : 425 已经成功有人中标，返回 
2018/01/19 12:48:02.572 [I] [default.go:33] 【拍卖管理-定时更新自留竞拍记录】开始处理任务ID: 426 
2018/01/19 12:48:02.572 [I] [default.go:42] 【拍卖管理-定时更新自留竞拍记录】任务ID: 426 已经过期 
2018/01/19 12:48:02.572 [I] [default.go:48] 【拍卖管理-定时更新自留竞拍记录】任务ID : 426 已经成功有人中标，返回 
2018/01/19 12:48:02.572 [I] [default.go:33] 【拍卖管理-定时更新自留竞拍记录】开始处理任务ID: 436 
2018/01/19 12:48:02.572 [I] [default.go:42] 【拍卖管理-定时更新自留竞拍记录】任务ID: 436 已经过期 
2018/01/19 12:48:02.572 [I] [default.go:48] 【拍卖管理-定时更新自留竞拍记录】任务ID : 436 已经成功有人中标，返回 
2018/01/19 12:48:02.578 [I] [default.go:26] 【拍卖管理-定时更新自留竞拍记录】当前页: 2,可能需要批量自留的任务列表长度: 0 
2018/01/19 12:48:02.580 [D] [server.go:2619] ::1 - - [19/Jan/2018 12:47:29] "GET /user HTTP/1.1 200 0" 33.343079  Mozilla/5.0 (Macintosh; Intel Mac OS X 10_13_2) AppleWebKit/537.36 (KHTML, like Gecko) Chrome/63.0.3239.132 Safari/537.36

